Using pre-set license
Built from '2021.3/staging' branch; Version is '2021.3.29f1 (204d6dc9ae1c) revision 2116973'; Using compiler version '192829333'; Build Type 'Release'
OS: 'Windows 10  (10.0.19045) 64bit Professional' Language: 'es' Physical Memory: 16328 MB
BatchMode: 1, IsHumanControllingUs: 0, StartBugReporterOnCrash: 0, Is64bit: 1, IsPro: 1

COMMAND LINE ARGUMENTS:
D:\UnityHud\2021.3.29f1\Editor\Unity.exe
-adb2
-batchMode
-noUpm
-name
AssetImportWorker0
-projectPath
D:/Unity Proyects/Gun Gundeon/TP_PrograSistemas/[Dungeon] PrograSistemas
-logFile
Logs/AssetImportWorker0.log
-srvPort
55132
Successfully changed project path to: D:/Unity Proyects/Gun Gundeon/TP_PrograSistemas/[Dungeon] PrograSistemas
D:/Unity Proyects/Gun Gundeon/TP_PrograSistemas/[Dungeon] PrograSistemas
[UnityMemory] Configuration Parameters - Can be set up in boot.config
    "memorysetup-bucket-allocator-granularity=16"
    "memorysetup-bucket-allocator-bucket-count=8"
    "memorysetup-bucket-allocator-block-size=33554432"
    "memorysetup-bucket-allocator-block-count=8"
    "memorysetup-main-allocator-block-size=16777216"
    "memorysetup-thread-allocator-block-size=16777216"
    "memorysetup-gfx-main-allocator-block-size=16777216"
    "memorysetup-gfx-thread-allocator-block-size=16777216"
    "memorysetup-cache-allocator-block-size=4194304"
    "memorysetup-typetree-allocator-block-size=2097152"
    "memorysetup-profiler-bucket-allocator-granularity=16"
    "memorysetup-profiler-bucket-allocator-bucket-count=8"
    "memorysetup-profiler-bucket-allocator-block-size=33554432"
    "memorysetup-profiler-bucket-allocator-block-count=8"
    "memorysetup-profiler-allocator-block-size=16777216"
    "memorysetup-profiler-editor-allocator-block-size=1048576"
    "memorysetup-temp-allocator-size-main=16777216"
    "memorysetup-job-temp-allocator-block-size=2097152"
    "memorysetup-job-temp-allocator-block-size-background=1048576"
    "memorysetup-job-temp-allocator-reduction-small-platforms=262144"
    "memorysetup-temp-allocator-size-background-worker=32768"
    "memorysetup-temp-allocator-size-job-worker=262144"
    "memorysetup-temp-allocator-size-preload-manager=33554432"
    "memorysetup-temp-allocator-size-nav-mesh-worker=65536"
    "memorysetup-temp-allocator-size-audio-worker=65536"
    "memorysetup-temp-allocator-size-cloud-worker=32768"
    "memorysetup-temp-allocator-size-gi-baking-worker=262144"
    "memorysetup-temp-allocator-size-gfx=262144"
Player connection [16928] Host "[IP] 192.168.1.8 [Port] 0 [Flags] 2 [Guid] 1924235768 [EditorId] 1924235768 [Version] 1048832 [Id] WindowsEditor(7,DESKTOP-UPLA2L1) [Debug] 1 [PackageName] WindowsEditor [ProjectName] Editor" joined multi-casting on [225.0.0.222:54997]...

Player connection [16928] Host "[IP] 192.168.1.8 [Port] 0 [Flags] 2 [Guid] 1924235768 [EditorId] 1924235768 [Version] 1048832 [Id] WindowsEditor(7,DESKTOP-UPLA2L1) [Debug] 1 [PackageName] WindowsEditor [ProjectName] Editor" joined alternative multi-casting on [225.0.0.222:34997]...

Refreshing native plugins compatible for Editor in 140.79 ms, found 4 plugins.
Preloading 0 native plugins for Editor in 0.00 ms.
Initialize engine version: 2021.3.29f1 (204d6dc9ae1c)
[Subsystems] Discovering subsystems at path D:/UnityHud/2021.3.29f1/Editor/Data/Resources/UnitySubsystems
[Subsystems] Discovering subsystems at path D:/Unity Proyects/Gun Gundeon/TP_PrograSistemas/[Dungeon] PrograSistemas/Assets
GfxDevice: creating device client; threaded=0; jobified=0
Direct3D:
    Version:  Direct3D 11.0 [level 11.1]
    Renderer: Radeon RX 570 Series (ID=0x67df)
    Vendor:   ATI
    VRAM:     8135 MB
    Driver:   31.0.14051.1000
Initialize mono
Mono path[0] = 'D:/UnityHud/2021.3.29f1/Editor/Data/Managed'
Mono path[1] = 'D:/UnityHud/2021.3.29f1/Editor/Data/MonoBleedingEdge/lib/mono/unityjit-win32'
Mono config path = 'D:/UnityHud/2021.3.29f1/Editor/Data/MonoBleedingEdge/etc'
Using monoOptions --debugger-agent=transport=dt_socket,embedding=1,server=y,suspend=n,address=127.0.0.1:56576
Begin MonoManager ReloadAssembly
Registering precompiled unity dll's ...
Register platform support module: D:/UnityHud/2021.3.29f1/Editor/Data/PlaybackEngines/WindowsStandaloneSupport/UnityEditor.WindowsStandalone.Extensions.dll
Registered in 0.003023 seconds.
Native extension for WindowsStandalone target not found
Refreshing native plugins compatible for Editor in 138.62 ms, found 4 plugins.
Preloading 0 native plugins for Editor in 0.00 ms.
Mono: successfully reloaded assembly
- Completed reload, in  0.686 seconds
Domain Reload Profiling:
	ReloadAssembly (686ms)
		BeginReloadAssembly (102ms)
			ExecutionOrderSort (0ms)
			DisableScriptedObjects (0ms)
			BackupInstance (0ms)
			ReleaseScriptingObjects (0ms)
			CreateAndSetChildDomain (1ms)
		EndReloadAssembly (492ms)
			LoadAssemblies (102ms)
			RebuildTransferFunctionScriptingTraits (0ms)
			SetupTypeCache (106ms)
			ReleaseScriptCaches (0ms)
			RebuildScriptCaches (29ms)
			SetupLoadedEditorAssemblies (311ms)
				LogAssemblyErrors (0ms)
				InitializePlatformSupportModulesInManaged (7ms)
				SetLoadedEditorAssemblies (0ms)
				RefreshPlugins (139ms)
				BeforeProcessingInitializeOnLoad (1ms)
				ProcessInitializeOnLoadAttributes (117ms)
				ProcessInitializeOnLoadMethodAttributes (47ms)
				AfterProcessingInitializeOnLoad (0ms)
				EditorAssembliesLoaded (0ms)
			ExecutionOrderSort2 (0ms)
			AwakeInstancesAfterBackupRestoration (0ms)
Platform modules already initialized, skipping
Registering precompiled user dll's ...
Registered in 0.007748 seconds.
Begin MonoManager ReloadAssembly
Symbol file LoadedFromMemory doesn't match image D:\Unity Proyects\Gun Gundeon\TP_PrograSistemas\[Dungeon] PrograSistemas\Library\PackageCache\com.unity.visualscripting@1.8.0\Editor\VisualScripting.Core\Dependencies\YamlDotNet\Unity.VisualScripting.YamlDotNet.dll
Symbol file LoadedFromMemory doesn't match image D:\Unity Proyects\Gun Gundeon\TP_PrograSistemas\[Dungeon] PrograSistemas\Library\PackageCache\com.unity.visualscripting@1.8.0\Editor\VisualScripting.Core\Dependencies\DotNetZip\Unity.VisualScripting.IonicZip.dll
Native extension for WindowsStandalone target not found
Refreshing native plugins compatible for Editor in 145.74 ms, found 4 plugins.
Preloading 0 native plugins for Editor in 0.00 ms.
Mono: successfully reloaded assembly
- Completed reload, in  1.523 seconds
Domain Reload Profiling:
	ReloadAssembly (1523ms)
		BeginReloadAssembly (148ms)
			ExecutionOrderSort (0ms)
			DisableScriptedObjects (6ms)
			BackupInstance (0ms)
			ReleaseScriptingObjects (0ms)
			CreateAndSetChildDomain (20ms)
		EndReloadAssembly (1266ms)
			LoadAssemblies (154ms)
			RebuildTransferFunctionScriptingTraits (0ms)
			SetupTypeCache (327ms)
			ReleaseScriptCaches (1ms)
			RebuildScriptCaches (76ms)
			SetupLoadedEditorAssemblies (700ms)
				LogAssemblyErrors (0ms)
				InitializePlatformSupportModulesInManaged (3ms)
				SetLoadedEditorAssemblies (0ms)
				RefreshPlugins (146ms)
				BeforeProcessingInitializeOnLoad (132ms)
				ProcessInitializeOnLoadAttributes (319ms)
				ProcessInitializeOnLoadMethodAttributes (96ms)
				AfterProcessingInitializeOnLoad (3ms)
				EditorAssembliesLoaded (0ms)
			ExecutionOrderSort2 (0ms)
			AwakeInstancesAfterBackupRestoration (6ms)
Platform modules already initialized, skipping
========================================================================
Worker process is ready to serve import requests
Launched and connected shader compiler UnityShaderCompiler.exe after 0.11 seconds
Refreshing native plugins compatible for Editor in 1.03 ms, found 4 plugins.
Preloading 0 native plugins for Editor in 0.00 ms.
Unloading 5860 Unused Serialized files (Serialized files now loaded: 0)
Unloading 56 unused Assets / (0.8 MB). Loaded Objects now: 6318.
Memory consumption went from 233.0 MB to 232.2 MB.
Total: 4.136700 ms (FindLiveObjects: 0.474700 ms CreateObjectMapping: 0.435100 ms MarkObjects: 2.892100 ms  DeleteObjects: 0.333800 ms)

AssetImportParameters requested are different than current active one (requested -> active):
  custom:video-decoder-ogg-theora: a1e56fd34408186e4bbccfd4996cb3dc -> 
  custom:container-muxer-webm: aa71ff27fc2769a1b78a27578f13a17b -> 
  custom:container-demuxer-webm: 4f35f7cbe854078d1ac9338744f61a02 -> 
  custom:video-encoder-webm-vp8: eb34c28f22e8b96e1ab97ce403110664 -> 
  custom:CustomObjectIndexerAttribute: 6b0e35c9178b02a6363f3721b7b8e397 -> 
  custom:audio-encoder-webm-vorbis: bf7c407c2cedff20999df2af8eb42d56 -> 
  custom:framework-win-MediaFoundation: 216162199b28c13a410421893ffa2e32 -> 
  custom:container-demuxer-ogg: 62fdf1f143b41e24485cea50d1cbac27 -> 
  custom:video-decoder-webm-vp8: 9c59270c3fd7afecdb556c50c9e8de78 -> 
  custom:audio-decoder-ogg-vorbis: bf7c407c2cedff20999df2af8eb42d56 -> 
========================================================================
Received Import Request.
  Time since last request: 523662.869409 seconds.
  path: Assets/Prefabs/Enemies/Powers/EnemyShield.prefab
  artifactKey: Guid(b460ab725f89a934cbdb77d350773475) Importer(815301076,1909f56bfc062723c751e8b465ee728b)
Start importing Assets/Prefabs/Enemies/Powers/EnemyShield.prefab using Guid(b460ab725f89a934cbdb77d350773475) Importer(815301076,1909f56bfc062723c751e8b465ee728b)  -> (artifact id: '7cbd558b3fd0650e4afe8e797b2a9c50') in 0.053444 seconds 
========================================================================
Received Import Request.
  Time since last request: 0.000024 seconds.
  path: Assets/Prefabs/Objects/EnemyBullet.prefab
  artifactKey: Guid(11083193d708d3f4b97955819a8177c3) Importer(815301076,1909f56bfc062723c751e8b465ee728b)
Start importing Assets/Prefabs/Objects/EnemyBullet.prefab using Guid(11083193d708d3f4b97955819a8177c3) Importer(815301076,1909f56bfc062723c751e8b465ee728b)  -> (artifact id: '96648e3421918a3c083f4402c972948d') in 0.009802 seconds 
========================================================================
Received Import Request.
  Time since last request: 0.000019 seconds.
  path: Assets/Data/SmgEnemy.asset
  artifactKey: Guid(6e49a127831a9e34dacf6a1e42efd0cf) Importer(815301076,1909f56bfc062723c751e8b465ee728b)
Start importing Assets/Data/SmgEnemy.asset using Guid(6e49a127831a9e34dacf6a1e42efd0cf) Importer(815301076,1909f56bfc062723c751e8b465ee728b)  -> (artifact id: '88328e4ee385f21bdaddd7405924ccac') in 0.010147 seconds 
========================================================================
Received Import Request.
  Time since last request: 1.676818 seconds.
  path: Assets/Prefabs/Objects/EnemyBullet.prefab
  artifactKey: Guid(11083193d708d3f4b97955819a8177c3) Importer(815301076,1909f56bfc062723c751e8b465ee728b)
Start importing Assets/Prefabs/Objects/EnemyBullet.prefab using Guid(11083193d708d3f4b97955819a8177c3) Importer(815301076,1909f56bfc062723c751e8b465ee728b)  -> (artifact id: '378787838bc8a4b0b2aa2185b84fc788') in 0.009097 seconds 
========================================================================
Received Prepare
Registering precompiled user dll's ...
Registered in 0.007406 seconds.
Begin MonoManager ReloadAssembly
Symbol file LoadedFromMemory doesn't match image D:\Unity Proyects\Gun Gundeon\TP_PrograSistemas\[Dungeon] PrograSistemas\Library\PackageCache\com.unity.visualscripting@1.8.0\Editor\VisualScripting.Core\Dependencies\YamlDotNet\Unity.VisualScripting.YamlDotNet.dll
Symbol file LoadedFromMemory doesn't match image D:\Unity Proyects\Gun Gundeon\TP_PrograSistemas\[Dungeon] PrograSistemas\Library\PackageCache\com.unity.visualscripting@1.8.0\Editor\VisualScripting.Core\Dependencies\DotNetZip\Unity.VisualScripting.IonicZip.dll
Native extension for WindowsStandalone target not found
Refreshing native plugins compatible for Editor in 1.13 ms, found 4 plugins.
Preloading 0 native plugins for Editor in 0.00 ms.
Mono: successfully reloaded assembly
- Completed reload, in  1.336 seconds
Domain Reload Profiling:
	ReloadAssembly (1337ms)
		BeginReloadAssembly (165ms)
			ExecutionOrderSort (0ms)
			DisableScriptedObjects (7ms)
			BackupInstance (0ms)
			ReleaseScriptingObjects (0ms)
			CreateAndSetChildDomain (41ms)
		EndReloadAssembly (1069ms)
			LoadAssemblies (135ms)
			RebuildTransferFunctionScriptingTraits (0ms)
			SetupTypeCache (307ms)
			ReleaseScriptCaches (2ms)
			RebuildScriptCaches (65ms)
			SetupLoadedEditorAssemblies (520ms)
				LogAssemblyErrors (0ms)
				InitializePlatformSupportModulesInManaged (4ms)
				SetLoadedEditorAssemblies (1ms)
				RefreshPlugins (1ms)
				BeforeProcessingInitializeOnLoad (103ms)
				ProcessInitializeOnLoadAttributes (307ms)
				ProcessInitializeOnLoadMethodAttributes (99ms)
				AfterProcessingInitializeOnLoad (4ms)
				EditorAssembliesLoaded (0ms)
			ExecutionOrderSort2 (0ms)
			AwakeInstancesAfterBackupRestoration (11ms)
Platform modules already initialized, skipping
Refreshing native plugins compatible for Editor in 3.01 ms, found 4 plugins.
Preloading 0 native plugins for Editor in 0.00 ms.
Unloading 5715 Unused Serialized files (Serialized files now loaded: 0)
Unloading 29 unused Assets / (0.7 MB). Loaded Objects now: 6334.
Memory consumption went from 221.8 MB to 221.0 MB.
Total: 4.269700 ms (FindLiveObjects: 0.462100 ms CreateObjectMapping: 0.470000 ms MarkObjects: 3.013300 ms  DeleteObjects: 0.323600 ms)

AssetImportParameters requested are different than current active one (requested -> active):
  custom:video-decoder-ogg-theora: a1e56fd34408186e4bbccfd4996cb3dc -> 
  custom:container-muxer-webm: aa71ff27fc2769a1b78a27578f13a17b -> 
  custom:container-demuxer-webm: 4f35f7cbe854078d1ac9338744f61a02 -> 
  custom:video-encoder-webm-vp8: eb34c28f22e8b96e1ab97ce403110664 -> 
  custom:CustomObjectIndexerAttribute: 6b0e35c9178b02a6363f3721b7b8e397 -> 
  custom:audio-encoder-webm-vorbis: bf7c407c2cedff20999df2af8eb42d56 -> 
  custom:framework-win-MediaFoundation: 216162199b28c13a410421893ffa2e32 -> 
  custom:container-demuxer-ogg: 62fdf1f143b41e24485cea50d1cbac27 -> 
  custom:video-decoder-webm-vp8: 9c59270c3fd7afecdb556c50c9e8de78 -> 
  custom:audio-decoder-ogg-vorbis: bf7c407c2cedff20999df2af8eb42d56 -> 
========================================================================
Received Import Request.
  Time since last request: 51.512222 seconds.
  path: Assets/Prefabs/Objects/EnemyBullet.prefab
  artifactKey: Guid(11083193d708d3f4b97955819a8177c3) Importer(815301076,1909f56bfc062723c751e8b465ee728b)
Start importing Assets/Prefabs/Objects/EnemyBullet.prefab using Guid(11083193d708d3f4b97955819a8177c3) Importer(815301076,1909f56bfc062723c751e8b465ee728b)  -> (artifact id: 'd50b4604f923324c18aa1681932f1b66') in 0.012289 seconds 
========================================================================
Received Prepare
Registering precompiled user dll's ...
Registered in 0.007459 seconds.
Begin MonoManager ReloadAssembly
Symbol file LoadedFromMemory doesn't match image D:\Unity Proyects\Gun Gundeon\TP_PrograSistemas\[Dungeon] PrograSistemas\Library\PackageCache\com.unity.visualscripting@1.8.0\Editor\VisualScripting.Core\Dependencies\YamlDotNet\Unity.VisualScripting.YamlDotNet.dll
Symbol file LoadedFromMemory doesn't match image D:\Unity Proyects\Gun Gundeon\TP_PrograSistemas\[Dungeon] PrograSistemas\Library\PackageCache\com.unity.visualscripting@1.8.0\Editor\VisualScripting.Core\Dependencies\DotNetZip\Unity.VisualScripting.IonicZip.dll
Native extension for WindowsStandalone target not found
Refreshing native plugins compatible for Editor in 1.12 ms, found 4 plugins.
Preloading 0 native plugins for Editor in 0.00 ms.
Mono: successfully reloaded assembly
- Completed reload, in  1.340 seconds
Domain Reload Profiling:
	ReloadAssembly (1341ms)
		BeginReloadAssembly (160ms)
			ExecutionOrderSort (0ms)
			DisableScriptedObjects (8ms)
			BackupInstance (0ms)
			ReleaseScriptingObjects (0ms)
			CreateAndSetChildDomain (39ms)
		EndReloadAssembly (1080ms)
			LoadAssemblies (133ms)
			RebuildTransferFunctionScriptingTraits (0ms)
			SetupTypeCache (311ms)
			ReleaseScriptCaches (2ms)
			RebuildScriptCaches (66ms)
			SetupLoadedEditorAssemblies (525ms)
				LogAssemblyErrors (0ms)
				InitializePlatformSupportModulesInManaged (5ms)
				SetLoadedEditorAssemblies (0ms)
				RefreshPlugins (1ms)
				BeforeProcessingInitializeOnLoad (104ms)
				ProcessInitializeOnLoadAttributes (310ms)
				ProcessInitializeOnLoadMethodAttributes (102ms)
				AfterProcessingInitializeOnLoad (3ms)
				EditorAssembliesLoaded (0ms)
			ExecutionOrderSort2 (0ms)
			AwakeInstancesAfterBackupRestoration (10ms)
Platform modules already initialized, skipping
Refreshing native plugins compatible for Editor in 2.87 ms, found 4 plugins.
Preloading 0 native plugins for Editor in 0.00 ms.
Unloading 5715 Unused Serialized files (Serialized files now loaded: 0)
Unloading 29 unused Assets / (0.8 MB). Loaded Objects now: 6349.
Memory consumption went from 221.8 MB to 221.1 MB.
Total: 4.036400 ms (FindLiveObjects: 0.444000 ms CreateObjectMapping: 0.381800 ms MarkObjects: 2.819700 ms  DeleteObjects: 0.390000 ms)

AssetImportParameters requested are different than current active one (requested -> active):
  custom:video-decoder-ogg-theora: a1e56fd34408186e4bbccfd4996cb3dc -> 
  custom:container-muxer-webm: aa71ff27fc2769a1b78a27578f13a17b -> 
  custom:container-demuxer-webm: 4f35f7cbe854078d1ac9338744f61a02 -> 
  custom:video-encoder-webm-vp8: eb34c28f22e8b96e1ab97ce403110664 -> 
  custom:CustomObjectIndexerAttribute: 6b0e35c9178b02a6363f3721b7b8e397 -> 
  custom:audio-encoder-webm-vorbis: bf7c407c2cedff20999df2af8eb42d56 -> 
  custom:framework-win-MediaFoundation: 216162199b28c13a410421893ffa2e32 -> 
  custom:container-demuxer-ogg: 62fdf1f143b41e24485cea50d1cbac27 -> 
  custom:video-decoder-webm-vp8: 9c59270c3fd7afecdb556c50c9e8de78 -> 
  custom:audio-decoder-ogg-vorbis: bf7c407c2cedff20999df2af8eb42d56 -> 
========================================================================
Received Import Request.
  Time since last request: 7.396571 seconds.
  path: Assets/Prefabs/Objects/EnemyBullet.prefab
  artifactKey: Guid(11083193d708d3f4b97955819a8177c3) Importer(815301076,1909f56bfc062723c751e8b465ee728b)
Start importing Assets/Prefabs/Objects/EnemyBullet.prefab using Guid(11083193d708d3f4b97955819a8177c3) Importer(815301076,1909f56bfc062723c751e8b465ee728b)  -> (artifact id: '98a265b213923836c9412a7b90ba5483') in 0.013130 seconds 
========================================================================
Received Import Request.
  Time since last request: 41.059927 seconds.
  path: Assets/Scenes/Levels/Tutorial.unity
  artifactKey: Guid(1d33ac5aa15133c4bb6b551843b7be41) Importer(815301076,1909f56bfc062723c751e8b465ee728b)
Start importing Assets/Scenes/Levels/Tutorial.unity using Guid(1d33ac5aa15133c4bb6b551843b7be41) Importer(815301076,1909f56bfc062723c751e8b465ee728b)  -> (artifact id: '7fdf186cb1ed38919f8f414af6611089') in 0.007641 seconds 
========================================================================
Received Import Request.
  Time since last request: 3.543267 seconds.
  path: Assets/Scenes/Menu/Menu.unity
  artifactKey: Guid(ea7a6dfdec4ab86408bf262bd4adf5c7) Importer(815301076,1909f56bfc062723c751e8b465ee728b)
Start importing Assets/Scenes/Menu/Menu.unity using Guid(ea7a6dfdec4ab86408bf262bd4adf5c7) Importer(815301076,1909f56bfc062723c751e8b465ee728b)  -> (artifact id: '1ac1b09798d3c63908fd7b66c04959c4') in 0.009221 seconds 
========================================================================
Received Prepare
Registering precompiled user dll's ...
Registered in 0.007363 seconds.
Begin MonoManager ReloadAssembly
Symbol file LoadedFromMemory doesn't match image D:\Unity Proyects\Gun Gundeon\TP_PrograSistemas\[Dungeon] PrograSistemas\Library\PackageCache\com.unity.visualscripting@1.8.0\Editor\VisualScripting.Core\Dependencies\YamlDotNet\Unity.VisualScripting.YamlDotNet.dll
Symbol file LoadedFromMemory doesn't match image D:\Unity Proyects\Gun Gundeon\TP_PrograSistemas\[Dungeon] PrograSistemas\Library\PackageCache\com.unity.visualscripting@1.8.0\Editor\VisualScripting.Core\Dependencies\DotNetZip\Unity.VisualScripting.IonicZip.dll
Native extension for WindowsStandalone target not found
Refreshing native plugins compatible for Editor in 1.17 ms, found 4 plugins.
Preloading 0 native plugins for Editor in 0.00 ms.
Mono: successfully reloaded assembly
- Completed reload, in  1.392 seconds
Domain Reload Profiling:
	ReloadAssembly (1393ms)
		BeginReloadAssembly (182ms)
			ExecutionOrderSort (0ms)
			DisableScriptedObjects (7ms)
			BackupInstance (0ms)
			ReleaseScriptingObjects (0ms)
			CreateAndSetChildDomain (46ms)
		EndReloadAssembly (1115ms)
			LoadAssemblies (143ms)
			RebuildTransferFunctionScriptingTraits (0ms)
			SetupTypeCache (335ms)
			ReleaseScriptCaches (2ms)
			RebuildScriptCaches (71ms)
			SetupLoadedEditorAssemblies (534ms)
				LogAssemblyErrors (0ms)
				InitializePlatformSupportModulesInManaged (5ms)
				SetLoadedEditorAssemblies (1ms)
				RefreshPlugins (1ms)
				BeforeProcessingInitializeOnLoad (106ms)
				ProcessInitializeOnLoadAttributes (315ms)
				ProcessInitializeOnLoadMethodAttributes (102ms)
				AfterProcessingInitializeOnLoad (4ms)
				EditorAssembliesLoaded (0ms)
			ExecutionOrderSort2 (0ms)
			AwakeInstancesAfterBackupRestoration (10ms)
Platform modules already initialized, skipping
Refreshing native plugins compatible for Editor in 3.27 ms, found 4 plugins.
Preloading 0 native plugins for Editor in 0.00 ms.
Unloading 5715 Unused Serialized files (Serialized files now loaded: 0)
Unloading 29 unused Assets / (0.8 MB). Loaded Objects now: 6364.
Memory consumption went from 221.8 MB to 221.1 MB.
Total: 4.398400 ms (FindLiveObjects: 0.451200 ms CreateObjectMapping: 0.399400 ms MarkObjects: 3.144000 ms  DeleteObjects: 0.402900 ms)

AssetImportParameters requested are different than current active one (requested -> active):
  custom:video-decoder-ogg-theora: a1e56fd34408186e4bbccfd4996cb3dc -> 
  custom:container-muxer-webm: aa71ff27fc2769a1b78a27578f13a17b -> 
  custom:container-demuxer-webm: 4f35f7cbe854078d1ac9338744f61a02 -> 
  custom:video-encoder-webm-vp8: eb34c28f22e8b96e1ab97ce403110664 -> 
  custom:CustomObjectIndexerAttribute: 6b0e35c9178b02a6363f3721b7b8e397 -> 
  custom:audio-encoder-webm-vorbis: bf7c407c2cedff20999df2af8eb42d56 -> 
  custom:framework-win-MediaFoundation: 216162199b28c13a410421893ffa2e32 -> 
  custom:container-demuxer-ogg: 62fdf1f143b41e24485cea50d1cbac27 -> 
  custom:video-decoder-webm-vp8: 9c59270c3fd7afecdb556c50c9e8de78 -> 
  custom:audio-decoder-ogg-vorbis: bf7c407c2cedff20999df2af8eb42d56 -> 
========================================================================
Received Prepare
Registering precompiled user dll's ...
Registered in 0.007230 seconds.
Begin MonoManager ReloadAssembly
Symbol file LoadedFromMemory doesn't match image D:\Unity Proyects\Gun Gundeon\TP_PrograSistemas\[Dungeon] PrograSistemas\Library\PackageCache\com.unity.visualscripting@1.8.0\Editor\VisualScripting.Core\Dependencies\YamlDotNet\Unity.VisualScripting.YamlDotNet.dll
Symbol file LoadedFromMemory doesn't match image D:\Unity Proyects\Gun Gundeon\TP_PrograSistemas\[Dungeon] PrograSistemas\Library\PackageCache\com.unity.visualscripting@1.8.0\Editor\VisualScripting.Core\Dependencies\DotNetZip\Unity.VisualScripting.IonicZip.dll
Native extension for WindowsStandalone target not found
Refreshing native plugins compatible for Editor in 1.32 ms, found 4 plugins.
Preloading 0 native plugins for Editor in 0.00 ms.
Mono: successfully reloaded assembly
- Completed reload, in  1.398 seconds
Domain Reload Profiling:
	ReloadAssembly (1398ms)
		BeginReloadAssembly (183ms)
			ExecutionOrderSort (0ms)
			DisableScriptedObjects (9ms)
			BackupInstance (0ms)
			ReleaseScriptingObjects (0ms)
			CreateAndSetChildDomain (49ms)
		EndReloadAssembly (1125ms)
			LoadAssemblies (145ms)
			RebuildTransferFunctionScriptingTraits (0ms)
			SetupTypeCache (341ms)
			ReleaseScriptCaches (2ms)
			RebuildScriptCaches (74ms)
			SetupLoadedEditorAssemblies (532ms)
				LogAssemblyErrors (0ms)
				InitializePlatformSupportModulesInManaged (5ms)
				SetLoadedEditorAssemblies (0ms)
				RefreshPlugins (1ms)
				BeforeProcessingInitializeOnLoad (106ms)
				ProcessInitializeOnLoadAttributes (314ms)
				ProcessInitializeOnLoadMethodAttributes (102ms)
				AfterProcessingInitializeOnLoad (4ms)
				EditorAssembliesLoaded (0ms)
			ExecutionOrderSort2 (0ms)
			AwakeInstancesAfterBackupRestoration (10ms)
Platform modules already initialized, skipping
Refreshing native plugins compatible for Editor in 3.14 ms, found 4 plugins.
Preloading 0 native plugins for Editor in 0.00 ms.
Unloading 5715 Unused Serialized files (Serialized files now loaded: 0)
Unloading 29 unused Assets / (0.8 MB). Loaded Objects now: 6379.
Memory consumption went from 221.9 MB to 221.1 MB.
Total: 4.636200 ms (FindLiveObjects: 0.499500 ms CreateObjectMapping: 0.407000 ms MarkObjects: 3.345000 ms  DeleteObjects: 0.383500 ms)

AssetImportParameters requested are different than current active one (requested -> active):
  custom:video-decoder-ogg-theora: a1e56fd34408186e4bbccfd4996cb3dc -> 
  custom:container-muxer-webm: aa71ff27fc2769a1b78a27578f13a17b -> 
  custom:container-demuxer-webm: 4f35f7cbe854078d1ac9338744f61a02 -> 
  custom:video-encoder-webm-vp8: eb34c28f22e8b96e1ab97ce403110664 -> 
  custom:CustomObjectIndexerAttribute: 6b0e35c9178b02a6363f3721b7b8e397 -> 
  custom:audio-encoder-webm-vorbis: bf7c407c2cedff20999df2af8eb42d56 -> 
  custom:framework-win-MediaFoundation: 216162199b28c13a410421893ffa2e32 -> 
  custom:container-demuxer-ogg: 62fdf1f143b41e24485cea50d1cbac27 -> 
  custom:video-decoder-webm-vp8: 9c59270c3fd7afecdb556c50c9e8de78 -> 
  custom:audio-decoder-ogg-vorbis: bf7c407c2cedff20999df2af8eb42d56 -> 
========================================================================
Received Import Request.
  Time since last request: 350.115917 seconds.
  path: Assets/Scripts/Weapons/WeaponScript.cs
  artifactKey: Guid(92f6435d221d5e34db86d19ef98205b1) Importer(815301076,1909f56bfc062723c751e8b465ee728b)
Start importing Assets/Scripts/Weapons/WeaponScript.cs using Guid(92f6435d221d5e34db86d19ef98205b1) Importer(815301076,1909f56bfc062723c751e8b465ee728b)  -> (artifact id: '690b34081df6f8d9bf53f5ab85c9915f') in 0.042593 seconds 
========================================================================
Received Import Request.
  Time since last request: 229.944788 seconds.
  path: Assets/Scripts/Weapons/WeaponScript.cs
  artifactKey: Guid(92f6435d221d5e34db86d19ef98205b1) Importer(815301076,1909f56bfc062723c751e8b465ee728b)
Start importing Assets/Scripts/Weapons/WeaponScript.cs using Guid(92f6435d221d5e34db86d19ef98205b1) Importer(815301076,1909f56bfc062723c751e8b465ee728b)  -> (artifact id: 'fe62164e4cc034cc7dd4bcb921033e4d') in 0.002115 seconds 
========================================================================
Received Prepare
Registering precompiled user dll's ...
Registered in 0.007695 seconds.
Begin MonoManager ReloadAssembly
Symbol file LoadedFromMemory doesn't match image D:\Unity Proyects\Gun Gundeon\TP_PrograSistemas\[Dungeon] PrograSistemas\Library\PackageCache\com.unity.visualscripting@1.8.0\Editor\VisualScripting.Core\Dependencies\YamlDotNet\Unity.VisualScripting.YamlDotNet.dll
Symbol file LoadedFromMemory doesn't match image D:\Unity Proyects\Gun Gundeon\TP_PrograSistemas\[Dungeon] PrograSistemas\Library\PackageCache\com.unity.visualscripting@1.8.0\Editor\VisualScripting.Core\Dependencies\DotNetZip\Unity.VisualScripting.IonicZip.dll
Native extension for WindowsStandalone target not found
Refreshing native plugins compatible for Editor in 1.05 ms, found 4 plugins.
Preloading 0 native plugins for Editor in 0.00 ms.
Mono: successfully reloaded assembly
- Completed reload, in  1.251 seconds
Domain Reload Profiling:
	ReloadAssembly (1252ms)
		BeginReloadAssembly (173ms)
			ExecutionOrderSort (0ms)
			DisableScriptedObjects (8ms)
			BackupInstance (0ms)
			ReleaseScriptingObjects (0ms)
			CreateAndSetChildDomain (40ms)
		EndReloadAssembly (982ms)
			LoadAssemblies (138ms)
			RebuildTransferFunctionScriptingTraits (0ms)
			SetupTypeCache (292ms)
			ReleaseScriptCaches (2ms)
			RebuildScriptCaches (56ms)
			SetupLoadedEditorAssemblies (475ms)
				LogAssemblyErrors (0ms)
				InitializePlatformSupportModulesInManaged (4ms)
				SetLoadedEditorAssemblies (0ms)
				RefreshPlugins (1ms)
				BeforeProcessingInitializeOnLoad (94ms)
				ProcessInitializeOnLoadAttributes (284ms)
				ProcessInitializeOnLoadMethodAttributes (88ms)
				AfterProcessingInitializeOnLoad (3ms)
				EditorAssembliesLoaded (0ms)
			ExecutionOrderSort2 (0ms)
			AwakeInstancesAfterBackupRestoration (8ms)
Platform modules already initialized, skipping
Refreshing native plugins compatible for Editor in 2.62 ms, found 4 plugins.
Preloading 0 native plugins for Editor in 0.00 ms.
Unloading 5715 Unused Serialized files (Serialized files now loaded: 0)
Unloading 29 unused Assets / (0.8 MB). Loaded Objects now: 6394.
Memory consumption went from 221.9 MB to 221.1 MB.
Total: 4.287000 ms (FindLiveObjects: 0.442900 ms CreateObjectMapping: 0.368800 ms MarkObjects: 3.157500 ms  DeleteObjects: 0.316900 ms)

AssetImportParameters requested are different than current active one (requested -> active):
  custom:video-decoder-ogg-theora: a1e56fd34408186e4bbccfd4996cb3dc -> 
  custom:container-muxer-webm: aa71ff27fc2769a1b78a27578f13a17b -> 
  custom:container-demuxer-webm: 4f35f7cbe854078d1ac9338744f61a02 -> 
  custom:video-encoder-webm-vp8: eb34c28f22e8b96e1ab97ce403110664 -> 
  custom:CustomObjectIndexerAttribute: 6b0e35c9178b02a6363f3721b7b8e397 -> 
  custom:audio-encoder-webm-vorbis: bf7c407c2cedff20999df2af8eb42d56 -> 
  custom:framework-win-MediaFoundation: 216162199b28c13a410421893ffa2e32 -> 
  custom:container-demuxer-ogg: 62fdf1f143b41e24485cea50d1cbac27 -> 
  custom:video-decoder-webm-vp8: 9c59270c3fd7afecdb556c50c9e8de78 -> 
  custom:audio-decoder-ogg-vorbis: bf7c407c2cedff20999df2af8eb42d56 -> 
========================================================================
Received Prepare
Registering precompiled user dll's ...
Registered in 0.007106 seconds.
Begin MonoManager ReloadAssembly
Symbol file LoadedFromMemory doesn't match image D:\Unity Proyects\Gun Gundeon\TP_PrograSistemas\[Dungeon] PrograSistemas\Library\PackageCache\com.unity.visualscripting@1.8.0\Editor\VisualScripting.Core\Dependencies\YamlDotNet\Unity.VisualScripting.YamlDotNet.dll
Symbol file LoadedFromMemory doesn't match image D:\Unity Proyects\Gun Gundeon\TP_PrograSistemas\[Dungeon] PrograSistemas\Library\PackageCache\com.unity.visualscripting@1.8.0\Editor\VisualScripting.Core\Dependencies\DotNetZip\Unity.VisualScripting.IonicZip.dll
Native extension for WindowsStandalone target not found
Refreshing native plugins compatible for Editor in 1.17 ms, found 4 plugins.
Preloading 0 native plugins for Editor in 0.00 ms.
Mono: successfully reloaded assembly
- Completed reload, in  1.360 seconds
Domain Reload Profiling:
	ReloadAssembly (1360ms)
		BeginReloadAssembly (169ms)
			ExecutionOrderSort (0ms)
			DisableScriptedObjects (7ms)
			BackupInstance (0ms)
			ReleaseScriptingObjects (0ms)
			CreateAndSetChildDomain (40ms)
		EndReloadAssembly (1102ms)
			LoadAssemblies (135ms)
			RebuildTransferFunctionScriptingTraits (0ms)
			SetupTypeCache (330ms)
			ReleaseScriptCaches (2ms)
			RebuildScriptCaches (69ms)
			SetupLoadedEditorAssemblies (531ms)
				LogAssemblyErrors (0ms)
				InitializePlatformSupportModulesInManaged (5ms)
				SetLoadedEditorAssemblies (1ms)
				RefreshPlugins (1ms)
				BeforeProcessingInitializeOnLoad (106ms)
				ProcessInitializeOnLoadAttributes (313ms)
				ProcessInitializeOnLoadMethodAttributes (101ms)
				AfterProcessingInitializeOnLoad (4ms)
				EditorAssembliesLoaded (0ms)
			ExecutionOrderSort2 (0ms)
			AwakeInstancesAfterBackupRestoration (10ms)
Platform modules already initialized, skipping
Refreshing native plugins compatible for Editor in 3.17 ms, found 4 plugins.
Preloading 0 native plugins for Editor in 0.00 ms.
Unloading 5715 Unused Serialized files (Serialized files now loaded: 0)
Unloading 29 unused Assets / (0.8 MB). Loaded Objects now: 6409.
Memory consumption went from 221.9 MB to 221.1 MB.
Total: 4.716500 ms (FindLiveObjects: 0.542500 ms CreateObjectMapping: 0.489000 ms MarkObjects: 3.339200 ms  DeleteObjects: 0.344500 ms)

AssetImportParameters requested are different than current active one (requested -> active):
  custom:video-decoder-ogg-theora: a1e56fd34408186e4bbccfd4996cb3dc -> 
  custom:container-muxer-webm: aa71ff27fc2769a1b78a27578f13a17b -> 
  custom:container-demuxer-webm: 4f35f7cbe854078d1ac9338744f61a02 -> 
  custom:video-encoder-webm-vp8: eb34c28f22e8b96e1ab97ce403110664 -> 
  custom:CustomObjectIndexerAttribute: 6b0e35c9178b02a6363f3721b7b8e397 -> 
  custom:audio-encoder-webm-vorbis: bf7c407c2cedff20999df2af8eb42d56 -> 
  custom:framework-win-MediaFoundation: 216162199b28c13a410421893ffa2e32 -> 
  custom:container-demuxer-ogg: 62fdf1f143b41e24485cea50d1cbac27 -> 
  custom:video-decoder-webm-vp8: 9c59270c3fd7afecdb556c50c9e8de78 -> 
  custom:audio-decoder-ogg-vorbis: bf7c407c2cedff20999df2af8eb42d56 -> 
========================================================================
Received Import Request.
  Time since last request: 679.269709 seconds.
  path: Assets/Scenes/Levels/GameLoop.unity
  artifactKey: Guid(0b39552579903a54bb616f649950bd8a) Importer(815301076,1909f56bfc062723c751e8b465ee728b)
Start importing Assets/Scenes/Levels/GameLoop.unity using Guid(0b39552579903a54bb616f649950bd8a) Importer(815301076,1909f56bfc062723c751e8b465ee728b)  -> (artifact id: '80d9b7cfd9d5571f970a93495679063b') in 0.018625 seconds 
========================================================================
Received Import Request.
  Time since last request: 31.415724 seconds.
  path: Assets/Data/BasicGun.asset
  artifactKey: Guid(37b6bb05498f6b3459784c9a30e0238a) Importer(815301076,1909f56bfc062723c751e8b465ee728b)
Start importing Assets/Data/BasicGun.asset using Guid(37b6bb05498f6b3459784c9a30e0238a) Importer(815301076,1909f56bfc062723c751e8b465ee728b)  -> (artifact id: '5a143c4f52f69cebd059e1cd2f93fd98') in 0.009994 seconds 
========================================================================
Received Import Request.
  Time since last request: 0.000036 seconds.
  path: Assets/Data/SmgData.asset
  artifactKey: Guid(7e0ec456ae49c47498b8424c0d399868) Importer(815301076,1909f56bfc062723c751e8b465ee728b)
Start importing Assets/Data/SmgData.asset using Guid(7e0ec456ae49c47498b8424c0d399868) Importer(815301076,1909f56bfc062723c751e8b465ee728b)  -> (artifact id: '7bbbe2b18983b6ea758d0eb5f12f3c77') in 0.010469 seconds 
========================================================================
Received Import Request.
  Time since last request: 0.000020 seconds.
  path: Assets/Data/SkeletonGun.asset
  artifactKey: Guid(b212596c2c33b0e489dd1d11bd86b39f) Importer(815301076,1909f56bfc062723c751e8b465ee728b)
Start importing Assets/Data/SkeletonGun.asset using Guid(b212596c2c33b0e489dd1d11bd86b39f) Importer(815301076,1909f56bfc062723c751e8b465ee728b)  -> (artifact id: '4aab438160a7a971b7adfd233d7b287c') in 0.010332 seconds 
========================================================================
Received Prepare
Registering precompiled user dll's ...
Registered in 0.007109 seconds.
Begin MonoManager ReloadAssembly
Symbol file LoadedFromMemory doesn't match image D:\Unity Proyects\Gun Gundeon\TP_PrograSistemas\[Dungeon] PrograSistemas\Library\PackageCache\com.unity.visualscripting@1.8.0\Editor\VisualScripting.Core\Dependencies\YamlDotNet\Unity.VisualScripting.YamlDotNet.dll
Symbol file LoadedFromMemory doesn't match image D:\Unity Proyects\Gun Gundeon\TP_PrograSistemas\[Dungeon] PrograSistemas\Library\PackageCache\com.unity.visualscripting@1.8.0\Editor\VisualScripting.Core\Dependencies\DotNetZip\Unity.VisualScripting.IonicZip.dll
Native extension for WindowsStandalone target not found
Refreshing native plugins compatible for Editor in 1.39 ms, found 4 plugins.
Preloading 0 native plugins for Editor in 0.00 ms.
Mono: successfully reloaded assembly
- Completed reload, in  1.381 seconds
Domain Reload Profiling:
	ReloadAssembly (1382ms)
		BeginReloadAssembly (165ms)
			ExecutionOrderSort (0ms)
			DisableScriptedObjects (8ms)
			BackupInstance (0ms)
			ReleaseScriptingObjects (0ms)
			CreateAndSetChildDomain (42ms)
		EndReloadAssembly (1119ms)
			LoadAssemblies (132ms)
			RebuildTransferFunctionScriptingTraits (0ms)
			SetupTypeCache (324ms)
			ReleaseScriptCaches (2ms)
			RebuildScriptCaches (68ms)
			SetupLoadedEditorAssemblies (548ms)
				LogAssemblyErrors (0ms)
				InitializePlatformSupportModulesInManaged (5ms)
				SetLoadedEditorAssemblies (1ms)
				RefreshPlugins (1ms)
				BeforeProcessingInitializeOnLoad (107ms)
				ProcessInitializeOnLoadAttributes (332ms)
				ProcessInitializeOnLoadMethodAttributes (98ms)
				AfterProcessingInitializeOnLoad (4ms)
				EditorAssembliesLoaded (0ms)
			ExecutionOrderSort2 (0ms)
			AwakeInstancesAfterBackupRestoration (10ms)
Platform modules already initialized, skipping
Refreshing native plugins compatible for Editor in 3.29 ms, found 4 plugins.
Preloading 0 native plugins for Editor in 0.00 ms.
Unloading 5715 Unused Serialized files (Serialized files now loaded: 0)
Unloading 29 unused Assets / (0.8 MB). Loaded Objects now: 6424.
Memory consumption went from 221.9 MB to 221.2 MB.
Total: 4.625500 ms (FindLiveObjects: 0.512600 ms CreateObjectMapping: 0.668500 ms MarkObjects: 3.099700 ms  DeleteObjects: 0.343000 ms)

AssetImportParameters requested are different than current active one (requested -> active):
  custom:video-decoder-ogg-theora: a1e56fd34408186e4bbccfd4996cb3dc -> 
  custom:container-muxer-webm: aa71ff27fc2769a1b78a27578f13a17b -> 
  custom:container-demuxer-webm: 4f35f7cbe854078d1ac9338744f61a02 -> 
  custom:video-encoder-webm-vp8: eb34c28f22e8b96e1ab97ce403110664 -> 
  custom:CustomObjectIndexerAttribute: 6b0e35c9178b02a6363f3721b7b8e397 -> 
  custom:audio-encoder-webm-vorbis: bf7c407c2cedff20999df2af8eb42d56 -> 
  custom:framework-win-MediaFoundation: 216162199b28c13a410421893ffa2e32 -> 
  custom:container-demuxer-ogg: 62fdf1f143b41e24485cea50d1cbac27 -> 
  custom:video-decoder-webm-vp8: 9c59270c3fd7afecdb556c50c9e8de78 -> 
  custom:audio-decoder-ogg-vorbis: bf7c407c2cedff20999df2af8eb42d56 -> 
========================================================================
Received Import Request.
  Time since last request: 50.035482 seconds.
  path: Assets/Sprites/UI/2363e3b8f988bf0e38090dfcf0aa6109-removebg-preview.png
  artifactKey: Guid(f2a44ea2c78d49242a1f4fddf4d4dac8) Importer(815301076,1909f56bfc062723c751e8b465ee728b)
Start importing Assets/Sprites/UI/2363e3b8f988bf0e38090dfcf0aa6109-removebg-preview.png using Guid(f2a44ea2c78d49242a1f4fddf4d4dac8) Importer(815301076,1909f56bfc062723c751e8b465ee728b)  -> (artifact id: 'a8442f40589f0db4df74445c7dbdfb59') in 0.019339 seconds 
========================================================================
Received Import Request.
  Time since last request: 0.000021 seconds.
  path: Assets/Scripts/Weapons/BasicGun.asset
  artifactKey: Guid(1fd9768f299476f47ad8f4243b1fe566) Importer(815301076,1909f56bfc062723c751e8b465ee728b)
Start importing Assets/Scripts/Weapons/BasicGun.asset using Guid(1fd9768f299476f47ad8f4243b1fe566) Importer(815301076,1909f56bfc062723c751e8b465ee728b)  -> (artifact id: 'a10821b5c12cfade1c2448945bb59542') in 0.002515 seconds 
========================================================================
Received Import Request.
  Time since last request: 0.000025 seconds.
  path: Assets/Prefabs/Rooms/BigRoom.prefab
  artifactKey: Guid(acf1573b4b0ceda4d863fb6a00ba20ad) Importer(815301076,1909f56bfc062723c751e8b465ee728b)
Start importing Assets/Prefabs/Rooms/BigRoom.prefab using Guid(acf1573b4b0ceda4d863fb6a00ba20ad) Importer(815301076,1909f56bfc062723c751e8b465ee728b)  -> (artifact id: '7125d07f8c7f4ca0ecb5db71b253c492') in 0.010805 seconds 
========================================================================
Received Import Request.
  Time since last request: 0.000029 seconds.
  path: Assets/ScriptableObjects/BigRoomConfig.asset
  artifactKey: Guid(da4bd3c273dc3ce46bdbfed7436da557) Importer(815301076,1909f56bfc062723c751e8b465ee728b)
Start importing Assets/ScriptableObjects/BigRoomConfig.asset using Guid(da4bd3c273dc3ce46bdbfed7436da557) Importer(815301076,1909f56bfc062723c751e8b465ee728b)  -> (artifact id: 'ea4e06165ed87e57fc1c2cbbbf784dbd') in 0.007313 seconds 
========================================================================
Received Import Request.
  Time since last request: 0.000018 seconds.
  path: Assets/Prefabs/Guns/BasicPistol.prefab
  artifactKey: Guid(562c264c3d260c744a32726ce687a3e4) Importer(815301076,1909f56bfc062723c751e8b465ee728b)
Start importing Assets/Prefabs/Guns/BasicPistol.prefab using Guid(562c264c3d260c744a32726ce687a3e4) Importer(815301076,1909f56bfc062723c751e8b465ee728b)  -> (artifact id: '4e0e8b7369b10e2393735931b6ba175b') in 0.010913 seconds 
========================================================================
Received Import Request.
  Time since last request: 0.387130 seconds.
  path: Assets/Prefabs/Objects/PlayerBullet.prefab
  artifactKey: Guid(e34478b9c18b39645a6f5492dd70fc52) Importer(815301076,1909f56bfc062723c751e8b465ee728b)
Start importing Assets/Prefabs/Objects/PlayerBullet.prefab using Guid(e34478b9c18b39645a6f5492dd70fc52) Importer(815301076,1909f56bfc062723c751e8b465ee728b)  -> (artifact id: '92217684b8162555bf732736cfc861aa') in 0.008852 seconds 
========================================================================
Received Import Request.
  Time since last request: 2.986010 seconds.
  path: Assets/Prefabs/Objects/PlayerBullet 1.prefab
  artifactKey: Guid(7215e46282495ab449dd234ef453cea3) Importer(815301076,1909f56bfc062723c751e8b465ee728b)
Start importing Assets/Prefabs/Objects/PlayerBullet 1.prefab using Guid(7215e46282495ab449dd234ef453cea3) Importer(815301076,1909f56bfc062723c751e8b465ee728b)  -> (artifact id: '36e498a13a1440eac78be9d82e313df6') in 0.008699 seconds 
========================================================================
Received Import Request.
  Time since last request: 10.744438 seconds.
  path: Assets/Prefabs/Objects/SmgBullet.prefab
  artifactKey: Guid(7215e46282495ab449dd234ef453cea3) Importer(815301076,1909f56bfc062723c751e8b465ee728b)
Start importing Assets/Prefabs/Objects/SmgBullet.prefab using Guid(7215e46282495ab449dd234ef453cea3) Importer(815301076,1909f56bfc062723c751e8b465ee728b)  -> (artifact id: '89aea7a7a80af5c75c05598063a1351d') in 0.008691 seconds 
========================================================================
Received Import Request.
  Time since last request: 9.100572 seconds.
  path: Assets/Prefabs/Objects/SmgBullet.prefab
  artifactKey: Guid(7215e46282495ab449dd234ef453cea3) Importer(815301076,1909f56bfc062723c751e8b465ee728b)
Start importing Assets/Prefabs/Objects/SmgBullet.prefab using Guid(7215e46282495ab449dd234ef453cea3) Importer(815301076,1909f56bfc062723c751e8b465ee728b)  -> (artifact id: 'f5e511404507b99e70d6f8d03456fa0a') in 0.003185 seconds 
========================================================================
Received Import Request.
  Time since last request: 1.225991 seconds.
  path: Assets/Prefabs/Enemies/SkeletonSmg.prefab
  artifactKey: Guid(bd2b1d403d3febd4ea5c63f6a51c0d29) Importer(815301076,1909f56bfc062723c751e8b465ee728b)
Start importing Assets/Prefabs/Enemies/SkeletonSmg.prefab using Guid(bd2b1d403d3febd4ea5c63f6a51c0d29) Importer(815301076,1909f56bfc062723c751e8b465ee728b)  -> (artifact id: 'b02654153f4a50d1d97ee417f8eb1cf2') in 0.010675 seconds 
========================================================================
Received Import Request.
  Time since last request: 0.038323 seconds.
  path: Assets/Prefabs/Rooms/SmallRoom.prefab
  artifactKey: Guid(73f4b6214d33bcc4585ce3f251bfb622) Importer(815301076,1909f56bfc062723c751e8b465ee728b)
Start importing Assets/Prefabs/Rooms/SmallRoom.prefab using Guid(73f4b6214d33bcc4585ce3f251bfb622) Importer(815301076,1909f56bfc062723c751e8b465ee728b)  -> (artifact id: '04f69b2b7fb6a5d472a35b9de37c4446') in 0.010474 seconds 
========================================================================
Received Import Request.
  Time since last request: 0.000019 seconds.
  path: Assets/ScriptableObjects/SmallRoomConfig.asset
  artifactKey: Guid(a1c578541762b514a9d3f7db29da22c6) Importer(815301076,1909f56bfc062723c751e8b465ee728b)
Start importing Assets/ScriptableObjects/SmallRoomConfig.asset using Guid(a1c578541762b514a9d3f7db29da22c6) Importer(815301076,1909f56bfc062723c751e8b465ee728b)  -> (artifact id: '6a13aed2ef48970a638202dcf409be58') in 0.008696 seconds 
========================================================================
Received Import Request.
  Time since last request: 2.611277 seconds.
  path: Assets/Sprites/Items/Weapons/CanvasPrefabs/Mp5.prefab
  artifactKey: Guid(5b813c604dc0ea3499f419f35729cc07) Importer(815301076,1909f56bfc062723c751e8b465ee728b)
Start importing Assets/Sprites/Items/Weapons/CanvasPrefabs/Mp5.prefab using Guid(5b813c604dc0ea3499f419f35729cc07) Importer(815301076,1909f56bfc062723c751e8b465ee728b)  -> (artifact id: 'a1f20a900250255fcd5cab63ad25e196') in 0.043219 seconds 
========================================================================
Received Import Request.
  Time since last request: 0.000023 seconds.
  path: Assets/Sprites/Items/Weapons/CanvasPrefabs/Pistol.prefab
  artifactKey: Guid(688b8ffb8194d62458d10b48fe2a54d5) Importer(815301076,1909f56bfc062723c751e8b465ee728b)
Start importing Assets/Sprites/Items/Weapons/CanvasPrefabs/Pistol.prefab using Guid(688b8ffb8194d62458d10b48fe2a54d5) Importer(815301076,1909f56bfc062723c751e8b465ee728b)  -> (artifact id: 'd0bab85af1ceb9b7700de8e23a021ea3') in 0.010325 seconds 
========================================================================
Received Import Request.
  Time since last request: 0.000029 seconds.
  path: Assets/Sprites/Environment/Green Woods/Assets/Props.aseprite
  artifactKey: Guid(ab2480f24a1449f45801aff542db2f70) Importer(815301076,1909f56bfc062723c751e8b465ee728b)
Start importing Assets/Sprites/Environment/Green Woods/Assets/Props.aseprite using Guid(ab2480f24a1449f45801aff542db2f70) Importer(815301076,1909f56bfc062723c751e8b465ee728b)  -> (artifact id: 'cdf3639037d9eac4b3bf5b253f86f90f') in 0.325717 seconds 
========================================================================
Received Import Request.
  Time since last request: 0.000033 seconds.
  path: Assets/Sprites/Environment/Dungeon Prison/Assets/Props.aseprite
  artifactKey: Guid(c1bb13deaeb6ecb41ac908474a9c96e5) Importer(815301076,1909f56bfc062723c751e8b465ee728b)
Start importing Assets/Sprites/Environment/Dungeon Prison/Assets/Props.aseprite using Guid(c1bb13deaeb6ecb41ac908474a9c96e5) Importer(815301076,1909f56bfc062723c751e8b465ee728b)  -> (artifact id: '79e5e87b9bb333387c709fa94b0aa814') in 0.028813 seconds 
========================================================================
Received Import Request.
  Time since last request: 0.000032 seconds.
  path: Assets/Prefabs/Player/PlayerRogue.prefab
  artifactKey: Guid(9cb8349941356ed45b46d8de5e52308e) Importer(815301076,1909f56bfc062723c751e8b465ee728b)
Start importing Assets/Prefabs/Player/PlayerRogue.prefab using Guid(9cb8349941356ed45b46d8de5e52308e) Importer(815301076,1909f56bfc062723c751e8b465ee728b)  -> (artifact id: 'd3a0d096dcf23cd85ba8c4fae9640c18') in 0.012998 seconds 
========================================================================
Received Import Request.
  Time since last request: 0.000024 seconds.
  path: Assets/Tile Palette/Assets/Props/Props.prefab
  artifactKey: Guid(3934f0906106d1847b0fd2e8ae2478a7) Importer(815301076,1909f56bfc062723c751e8b465ee728b)
Start importing Assets/Tile Palette/Assets/Props/Props.prefab using Guid(3934f0906106d1847b0fd2e8ae2478a7) Importer(815301076,1909f56bfc062723c751e8b465ee728b)  -> (artifact id: '6c785bd3258a12d48bfc0b4a4ce03f32') in 0.003373 seconds 
========================================================================
Received Prepare
Registering precompiled user dll's ...
Registered in 0.007249 seconds.
Begin MonoManager ReloadAssembly
Symbol file LoadedFromMemory doesn't match image D:\Unity Proyects\Gun Gundeon\TP_PrograSistemas\[Dungeon] PrograSistemas\Library\PackageCache\com.unity.visualscripting@1.8.0\Editor\VisualScripting.Core\Dependencies\YamlDotNet\Unity.VisualScripting.YamlDotNet.dll
Symbol file LoadedFromMemory doesn't match image D:\Unity Proyects\Gun Gundeon\TP_PrograSistemas\[Dungeon] PrograSistemas\Library\PackageCache\com.unity.visualscripting@1.8.0\Editor\VisualScripting.Core\Dependencies\DotNetZip\Unity.VisualScripting.IonicZip.dll
Native extension for WindowsStandalone target not found
Refreshing native plugins compatible for Editor in 1.22 ms, found 4 plugins.
Preloading 0 native plugins for Editor in 0.00 ms.
Mono: successfully reloaded assembly
- Completed reload, in  1.361 seconds
Domain Reload Profiling:
	ReloadAssembly (1361ms)
		BeginReloadAssembly (163ms)
			ExecutionOrderSort (0ms)
			DisableScriptedObjects (7ms)
			BackupInstance (0ms)
			ReleaseScriptingObjects (0ms)
			CreateAndSetChildDomain (36ms)
		EndReloadAssembly (1097ms)
			LoadAssemblies (135ms)
			RebuildTransferFunctionScriptingTraits (0ms)
			SetupTypeCache (312ms)
			ReleaseScriptCaches (2ms)
			RebuildScriptCaches (68ms)
			SetupLoadedEditorAssemblies (543ms)
				LogAssemblyErrors (0ms)
				InitializePlatformSupportModulesInManaged (5ms)
				SetLoadedEditorAssemblies (1ms)
				RefreshPlugins (1ms)
				BeforeProcessingInitializeOnLoad (107ms)
				ProcessInitializeOnLoadAttributes (321ms)
				ProcessInitializeOnLoadMethodAttributes (105ms)
				AfterProcessingInitializeOnLoad (4ms)
				EditorAssembliesLoaded (0ms)
			ExecutionOrderSort2 (0ms)
			AwakeInstancesAfterBackupRestoration (11ms)
Platform modules already initialized, skipping
Refreshing native plugins compatible for Editor in 3.31 ms, found 4 plugins.
Preloading 0 native plugins for Editor in 0.00 ms.
Unloading 5715 Unused Serialized files (Serialized files now loaded: 0)
Unloading 29 unused Assets / (0.8 MB). Loaded Objects now: 6439.
Memory consumption went from 222.0 MB to 221.3 MB.
Total: 4.588000 ms (FindLiveObjects: 0.550800 ms CreateObjectMapping: 0.493500 ms MarkObjects: 3.157000 ms  DeleteObjects: 0.385600 ms)

AssetImportParameters requested are different than current active one (requested -> active):
  custom:video-decoder-ogg-theora: a1e56fd34408186e4bbccfd4996cb3dc -> 
  custom:container-muxer-webm: aa71ff27fc2769a1b78a27578f13a17b -> 
  custom:container-demuxer-webm: 4f35f7cbe854078d1ac9338744f61a02 -> 
  custom:video-encoder-webm-vp8: eb34c28f22e8b96e1ab97ce403110664 -> 
  custom:CustomObjectIndexerAttribute: 6b0e35c9178b02a6363f3721b7b8e397 -> 
  custom:audio-encoder-webm-vorbis: bf7c407c2cedff20999df2af8eb42d56 -> 
  custom:framework-win-MediaFoundation: 216162199b28c13a410421893ffa2e32 -> 
  custom:container-demuxer-ogg: 62fdf1f143b41e24485cea50d1cbac27 -> 
  custom:video-decoder-webm-vp8: 9c59270c3fd7afecdb556c50c9e8de78 -> 
  custom:audio-decoder-ogg-vorbis: bf7c407c2cedff20999df2af8eb42d56 -> 
========================================================================
Received Import Request.
  Time since last request: 53.946440 seconds.
  path: Assets/Data/SmgData.asset
  artifactKey: Guid(7e0ec456ae49c47498b8424c0d399868) Importer(815301076,1909f56bfc062723c751e8b465ee728b)
Start importing Assets/Data/SmgData.asset using Guid(7e0ec456ae49c47498b8424c0d399868) Importer(815301076,1909f56bfc062723c751e8b465ee728b)  -> (artifact id: 'aab61b5001f3c87a59932fd005681cdc') in 0.012139 seconds 
